Determining if the pthread_create exist failed with the following output:
Change Dir: /home/lucifr/catkin_ws/src/chapter6_tutorials/cmake-build-debug/CMakeFiles/CMakeTmp

Run Build Command:"/usr/bin/make" "cmTC_ae57a/fast"
/usr/bin/make -f CMakeFiles/cmTC_ae57a.dir/build.make CMakeFiles/cmTC_ae57a.dir/build
make[1]: Entering directory '/home/lucifr/catkin_ws/src/chapter6_tutorials/cmake-build-debug/CMakeFiles/CMakeTmp'
Building C object CMakeFiles/cmTC_ae57a.dir/CheckSymbolExists.c.o
/usr/bin/cc    -o CMakeFiles/cmTC_ae57a.dir/CheckSymbolExists.c.o   -c /home/lucifr/catkin_ws/src/chapter6_tutorials/cmake-build-debug/CMakeFiles/CMakeTmp/CheckSymbolExists.c
Linking C executable cmTC_ae57a
/home/lucifr/clion-2019.1/bin/cmake/linux/bin/cmake -E cmake_link_script CMakeFiles/cmTC_ae57a.dir/link.txt --verbose=1
/usr/bin/cc      -rdynamic CMakeFiles/cmTC_ae57a.dir/CheckSymbolExists.c.o  -o cmTC_ae57a 
CMakeFiles/cmTC_ae57a.dir/CheckSymbolExists.c.o：在函数‘main’中：
CheckSymbolExists.c:(.text+0x16)：对‘pthread_create’未定义的引用
collect2: error: ld returned 1 exit status
CMakeFiles/cmTC_ae57a.dir/build.make:86: recipe for target 'cmTC_ae57a' failed
make[1]: *** [cmTC_ae57a] Error 1
make[1]: Leaving directory '/home/lucifr/catkin_ws/src/chapter6_tutorials/cmake-build-debug/CMakeFiles/CMakeTmp'
Makefile:121: recipe for target 'cmTC_ae57a/fast' failed
make: *** [cmTC_ae57a/fast] Error 2

File /home/lucifr/catkin_ws/src/chapter6_tutorials/cmake-build-debug/CMakeFiles/CMakeTmp/CheckSymbolExists.c:
/* */
#include <pthread.h>

int main(int argc, char** argv)
{
  (void)argv;
#ifndef pthread_create
  return ((int*)(&pthread_create))[argc];
#else
  (void)argc;
  return 0;
#endif
}

Determining if the function pthread_create exists in the pthreads failed with the following output:
Change Dir: /home/lucifr/catkin_ws/src/chapter6_tutorials/cmake-build-debug/CMakeFiles/CMakeTmp

Run Build Command:"/usr/bin/make" "cmTC_68e5f/fast"
/usr/bin/make -f CMakeFiles/cmTC_68e5f.dir/build.make CMakeFiles/cmTC_68e5f.dir/build
make[1]: Entering directory '/home/lucifr/catkin_ws/src/chapter6_tutorials/cmake-build-debug/CMakeFiles/CMakeTmp'
Building C object CMakeFiles/cmTC_68e5f.dir/CheckFunctionExists.c.o
/usr/bin/cc   -DCHECK_FUNCTION_EXISTS=pthread_create   -o CMakeFiles/cmTC_68e5f.dir/CheckFunctionExists.c.o   -c /home/lucifr/clion-2019.1/bin/cmake/linux/share/cmake-3.13/Modules/CheckFunctionExists.c
Linking C executable cmTC_68e5f
/home/lucifr/clion-2019.1/bin/cmake/linux/bin/cmake -E cmake_link_script CMakeFiles/cmTC_68e5f.dir/link.txt --verbose=1
/usr/bin/cc  -DCHECK_FUNCTION_EXISTS=pthread_create    -rdynamic CMakeFiles/cmTC_68e5f.dir/CheckFunctionExists.c.o  -o cmTC_68e5f -lpthreads 
/usr/bin/ld: 找不到 -lpthreads
collect2: error: ld returned 1 exit status
CMakeFiles/cmTC_68e5f.dir/build.make:86: recipe for target 'cmTC_68e5f' failed
make[1]: *** [cmTC_68e5f] Error 1
make[1]: Leaving directory '/home/lucifr/catkin_ws/src/chapter6_tutorials/cmake-build-debug/CMakeFiles/CMakeTmp'
Makefile:121: recipe for target 'cmTC_68e5f/fast' failed
make: *** [cmTC_68e5f/fast] Error 2


